2025-07-01 19:03:06,182 m-kv07txtvyn /Users/kamalesh.g/Library/Java/JavaVirtualMachines/ms-17.0.15/Contents/Home/bin/java[42290] INFO  [io.quarkus] (Quarkus Main Thread) siron-kyc-wsstatus 1.0-SNAPSHOT on JVM (powered by Quarkus 3.14.3) started in 0.630s. Listening on: http://localhost:8095
2025-07-01 19:03:06,183 m-kv07txtvyn /Users/kamalesh.g/Library/Java/JavaVirtualMachines/ms-17.0.15/Contents/Home/bin/java[42290] INFO  [io.quarkus] (Quarkus Main Thread) Profile dev activated. Live Coding activated.
2025-07-01 19:03:06,183 m-kv07txtvyn /Users/kamalesh.g/Library/Java/JavaVirtualMachines/ms-17.0.15/Contents/Home/bin/java[42290] INFO  [io.quarkus] (Quarkus Main Thread) Installed features: [agroal, cdi, hibernate-orm, hibernate-orm-panache, jdbc-mssql, keycloak-authorization, narayana-jta, oidc, rest, rest-jackson, security, smallrye-context-propagation, smallrye-openapi, swagger-ui, vertx]
2025-07-01 19:03:06,183 m-kv07txtvyn /Users/kamalesh.g/Library/Java/JavaVirtualMachines/ms-17.0.15/Contents/Home/bin/java[42290] INFO  [io.qua.dep.dev.RuntimeUpdatesProcessor] (vert.x-worker-thread-5) Live reload total time: 0.704s 
2025-07-01 19:03:06,184 m-kv07txtvyn /Users/kamalesh.g/Library/Java/JavaVirtualMachines/ms-17.0.15/Contents/Home/bin/java[42290] DEBUG [io.qua.oid.run.OidcAuthenticationMechanism] (vert.x-eventloop-thread-2) Resolved OIDC tenant id: Default
2025-07-01 19:03:06,185 m-kv07txtvyn /Users/kamalesh.g/Library/Java/JavaVirtualMachines/ms-17.0.15/Contents/Home/bin/java[42290] DEBUG [io.qua.oid.run.BearerAuthenticationMechanism] (vert.x-eventloop-thread-2) Starting a bearer access token authentication
2025-07-01 19:03:06,185 m-kv07txtvyn /Users/kamalesh.g/Library/Java/JavaVirtualMachines/ms-17.0.15/Contents/Home/bin/java[42290] DEBUG [io.qua.oid.run.OidcUtils] (vert.x-eventloop-thread-2) Looking for a token in the authorization header
2025-07-01 19:03:06,185 m-kv07txtvyn /Users/kamalesh.g/Library/Java/JavaVirtualMachines/ms-17.0.15/Contents/Home/bin/java[42290] DEBUG [io.qua.oid.run.BearerAuthenticationMechanism] (vert.x-eventloop-thread-2) Bearer access token is not available
2025-07-01 19:03:06,187 m-kv07txtvyn /Users/kamalesh.g/Library/Java/JavaVirtualMachines/ms-17.0.15/Contents/Home/bin/java[42290] INFO  [com.imt.sir.ser.imp.WebServiceStatusServiceImpl] (executor-thread-1) Inside Service : Get Web Service Status By Return Code
2025-07-01 19:03:06,192 m-kv07txtvyn /Users/kamalesh.g/Library/Java/JavaVirtualMachines/ms-17.0.15/Contents/Home/bin/java[42290] INFO  [com.imt.sir.con.WebServiceStatusController] (executor-thread-1) Inside Controller : Getting web service status file
2025-07-01 19:03:12,171 m-kv07txtvyn /Users/kamalesh.g/Library/Java/JavaVirtualMachines/ms-17.0.15/Contents/Home/bin/java[42290] DEBUG [io.qua.oid.run.OidcAuthenticationMechanism] (vert.x-eventloop-thread-2) Resolved OIDC tenant id: Default
2025-07-01 19:03:12,172 m-kv07txtvyn /Users/kamalesh.g/Library/Java/JavaVirtualMachines/ms-17.0.15/Contents/Home/bin/java[42290] DEBUG [io.qua.oid.run.BearerAuthenticationMechanism] (vert.x-eventloop-thread-2) Starting a bearer access token authentication
2025-07-01 19:03:12,172 m-kv07txtvyn /Users/kamalesh.g/Library/Java/JavaVirtualMachines/ms-17.0.15/Contents/Home/bin/java[42290] DEBUG [io.qua.oid.run.OidcUtils] (vert.x-eventloop-thread-2) Looking for a token in the authorization header
2025-07-01 19:03:12,173 m-kv07txtvyn /Users/kamalesh.g/Library/Java/JavaVirtualMachines/ms-17.0.15/Contents/Home/bin/java[42290] DEBUG [io.qua.oid.run.BearerAuthenticationMechanism] (vert.x-eventloop-thread-2) Bearer access token is not available
2025-07-01 19:03:12,174 m-kv07txtvyn /Users/kamalesh.g/Library/Java/JavaVirtualMachines/ms-17.0.15/Contents/Home/bin/java[42290] INFO  [com.imt.sir.ser.imp.WebServiceStatusServiceImpl] (executor-thread-1) Inside Service : Get Web Service Status By Return Code
2025-07-01 19:03:12,179 m-kv07txtvyn /Users/kamalesh.g/Library/Java/JavaVirtualMachines/ms-17.0.15/Contents/Home/bin/java[42290] INFO  [com.imt.sir.con.WebServiceStatusController] (executor-thread-1) Inside Controller : Getting web service status file
2025-07-01 19:03:18,312 m-kv07txtvyn /Users/kamalesh.g/Library/Java/JavaVirtualMachines/ms-17.0.15/Contents/Home/bin/java[42290] DEBUG [io.qua.oid.run.OidcAuthenticationMechanism] (vert.x-eventloop-thread-2) Resolved OIDC tenant id: Default
2025-07-01 19:03:18,313 m-kv07txtvyn /Users/kamalesh.g/Library/Java/JavaVirtualMachines/ms-17.0.15/Contents/Home/bin/java[42290] DEBUG [io.qua.oid.run.BearerAuthenticationMechanism] (vert.x-eventloop-thread-2) Starting a bearer access token authentication
2025-07-01 19:03:18,313 m-kv07txtvyn /Users/kamalesh.g/Library/Java/JavaVirtualMachines/ms-17.0.15/Contents/Home/bin/java[42290] DEBUG [io.qua.oid.run.OidcUtils] (vert.x-eventloop-thread-2) Looking for a token in the authorization header
2025-07-01 19:03:18,314 m-kv07txtvyn /Users/kamalesh.g/Library/Java/JavaVirtualMachines/ms-17.0.15/Contents/Home/bin/java[42290] DEBUG [io.qua.oid.run.BearerAuthenticationMechanism] (vert.x-eventloop-thread-2) Bearer access token is not available
2025-07-01 19:03:18,315 m-kv07txtvyn /Users/kamalesh.g/Library/Java/JavaVirtualMachines/ms-17.0.15/Contents/Home/bin/java[42290] INFO  [com.imt.sir.ser.imp.WebServiceStatusServiceImpl] (executor-thread-1) Inside Service : Get Web Service Status By Return Code
2025-07-01 19:03:18,321 m-kv07txtvyn /Users/kamalesh.g/Library/Java/JavaVirtualMachines/ms-17.0.15/Contents/Home/bin/java[42290] INFO  [com.imt.sir.con.WebServiceStatusController] (executor-thread-1) Inside Controller : Getting web service status file
2025-07-01 19:03:18,321 m-kv07txtvyn /Users/kamalesh.g/Library/Java/JavaVirtualMachines/ms-17.0.15/Contents/Home/bin/java[42290] INFO  [com.imt.sir.con.WebServiceStatusController] (executor-thread-1) Inside Controller : WebService Status List with returncode is empty
